<?xml version="1.0" encoding="UTF-8"?>
<!-- Generated by org.testng.reporters.JUnitXMLReporter -->
<testsuite hostname="LAPTOP-LPNPORI3" name="Command line test bc48fe29-ae3c-4463-b021-ec48804ead07" tests="5" failures="0" timestamp="3 Jun 2020 15:56:19 GMT" time="6.496" errors="0">
  <testcase name="@BeforeMethod browserlaunch" time="0.0" classname="org.testing.TestScripts.TC1">
    <failure type="org.openqa.selenium.SessionNotCreatedException" message="session not created: This version of ChromeDriver only supports Chrome version 80
Build info: version: &amp;apos;3.141.59&amp;apos;, revision: &amp;apos;e82be7d358&amp;apos;, time: &amp;apos;2018-11-14T08:25:48&amp;apos;
System info: host: &amp;apos;LAPTOP-LPNPORI3&amp;apos;, ip: &amp;apos;192.168.1.6&amp;apos;, os.name: &amp;apos;Windows 10&amp;apos;, os.arch: &amp;apos;amd64&amp;apos;, os.version: &amp;apos;10.0&amp;apos;, java.version: &amp;apos;1.8.0_221&amp;apos;
Driver info: driver.version: ChromeDriver
remote stacktrace: Backtrace:
	Ordinal0 [0x01060C83+1707139]
	Ordinal0 [0x00FC68F1+1075441]
	Ordinal0 [0x00F3DFC9+516041]
	Ordinal0 [0x00ED0554+66900]
	Ordinal0 [0x00ECCCE2+52450]
	Ordinal0 [0x00EEBFD7+180183]
	Ordinal0 [0x00EEBDDD+179677]
	Ordinal0 [0x00EE9D4B+171339]
	Ordinal0 [0x00ED1D4A+73034]
	Ordinal0 [0x00ED2DC0+77248]
	Ordinal0 [0x00ED2D59+77145]
	Ordinal0 [0x00FDBB67+1162087]
	GetHandleVerifier [0x010FA966+508998]
	GetHandleVerifier [0x010FA6A4+508292]
	GetHandleVerifier [0x0110F7B7+594583]
	GetHandleVerifier [0x010FB1D6+511158]
	Ordinal0 [0x00FD402C+1130540]
	Ordinal0 [0x00FDD4CB+1168587]
	Ordinal0 [0x00FDD633+1168947]
	Ordinal0 [0x00FF5B35+1268533]
	BaseThreadInitThunk [0x75F30419+25]
	RtlGetAppContainerNamedObjectPath [0x77B566DD+237]
	RtlGetAppContainerNamedObjectPath [0x77B566AD+189]
">
      <![CDATA[org.openqa.selenium.SessionNotCreatedException: session not created: This version of ChromeDriver only supports Chrome version 80
Build info: version: '3.141.59', revision: 'e82be7d358', time: '2018-11-14T08:25:48'
System info: host: 'LAPTOP-LPNPORI3', ip: '192.168.1.6', os.name: 'Windows 10', os.arch: 'amd64', os.version: '10.0', java.version: '1.8.0_221'
Driver info: driver.version: ChromeDriver
remote stacktrace: Backtrace:
	Ordinal0 [0x01060C83+1707139]
	Ordinal0 [0x00FC68F1+1075441]
	Ordinal0 [0x00F3DFC9+516041]
	Ordinal0 [0x00ED0554+66900]
	Ordinal0 [0x00ECCCE2+52450]
	Ordinal0 [0x00EEBFD7+180183]
	Ordinal0 [0x00EEBDDD+179677]
	Ordinal0 [0x00EE9D4B+171339]
	Ordinal0 [0x00ED1D4A+73034]
	Ordinal0 [0x00ED2DC0+77248]
	Ordinal0 [0x00ED2D59+77145]
	Ordinal0 [0x00FDBB67+1162087]
	GetHandleVerifier [0x010FA966+508998]
	GetHandleVerifier [0x010FA6A4+508292]
	GetHandleVerifier [0x0110F7B7+594583]
	GetHandleVerifier [0x010FB1D6+511158]
	Ordinal0 [0x00FD402C+1130540]
	Ordinal0 [0x00FDD4CB+1168587]
	Ordinal0 [0x00FDD633+1168947]
	Ordinal0 [0x00FF5B35+1268533]
	BaseThreadInitThunk [0x75F30419+25]
	RtlGetAppContainerNamedObjectPath [0x77B566DD+237]
	RtlGetAppContainerNamedObjectPath [0x77B566AD+189]

	at org.openqa.selenium.remote.W3CHandshakeResponse.lambda$errorHandler$0(W3CHandshakeResponse.java:62)
	at org.openqa.selenium.remote.HandshakeResponse.lambda$getResponseFunction$0(HandshakeResponse.java:30)
	at org.openqa.selenium.remote.ProtocolHandshake.lambda$createSession$0(ProtocolHandshake.java:126)
	at java.util.stream.ReferencePipeline$3$1.accept(Unknown Source)
	at java.util.Spliterators$ArraySpliterator.tryAdvance(Unknown Source)
	at java.util.stream.ReferencePipeline.forEachWithCancel(Unknown Source)
	at java.util.stream.AbstractPipeline.copyIntoWithCancel(Unknown Source)
	at java.util.stream.AbstractPipeline.copyInto(Unknown Source)
	at java.util.stream.AbstractPipeline.wrapAndCopyInto(Unknown Source)
	at java.util.stream.FindOps$FindOp.evaluateSequential(Unknown Source)
	at java.util.stream.AbstractPipeline.evaluate(Unknown Source)
	at java.util.stream.ReferencePipeline.findFirst(Unknown Source)
	at org.openqa.selenium.remote.ProtocolHandshake.createSession(ProtocolHandshake.java:128)
	at org.openqa.selenium.remote.ProtocolHandshake.createSession(ProtocolHandshake.java:74)
	at org.openqa.selenium.remote.HttpCommandExecutor.execute(HttpCommandExecutor.java:136)
	at org.openqa.selenium.remote.service.DriverCommandExecutor.execute(DriverCommandExecutor.java:83)
	at org.openqa.selenium.remote.RemoteWebDriver.execute(RemoteWebDriver.java:552)
	at org.openqa.selenium.remote.RemoteWebDriver.startSession(RemoteWebDriver.java:213)
	at org.openqa.selenium.remote.RemoteWebDriver.<init>(RemoteWebDriver.java:131)
	at org.openqa.selenium.chrome.ChromeDriver.<init>(ChromeDriver.java:181)
	at org.openqa.selenium.chrome.ChromeDriver.<init>(ChromeDriver.java:168)
	at org.openqa.selenium.chrome.ChromeDriver.<init>(ChromeDriver.java:123)
	at org.testing.Base.Base.browserlaunch(Base.java:25)
	at org.testing.Runner.Runner.main(Runner.java:69)
... Removed 27 stack frames]]>
    </failure>
  </testcase> <!-- @BeforeMethod browserlaunch -->
  <testcase name="@AfterMethod close" time="0.0" classname="org.testing.TestScripts.TC1">
    <skipped/>
  </testcase> <!-- @AfterMethod close -->
  <testcase name="@BeforeMethod browserlaunch" time="0.0" classname="org.testing.TestScripts.TC2">
    <skipped/>
  </testcase> <!-- @BeforeMethod browserlaunch -->
  <testcase name="@AfterMethod close" time="0.0" classname="org.testing.TestScripts.TC2">
    <skipped/>
  </testcase> <!-- @AfterMethod close -->
  <testcase name="@BeforeMethod browserlaunch" time="0.0" classname="org.testing.TestScripts.TC3">
    <skipped/>
  </testcase> <!-- @BeforeMethod browserlaunch -->
  <testcase name="@AfterMethod close" time="0.0" classname="org.testing.TestScripts.TC3">
    <skipped/>
  </testcase> <!-- @AfterMethod close -->
  <testcase name="@BeforeMethod browserlaunch" time="0.0" classname="org.testing.TestScripts.TC4">
    <skipped/>
  </testcase> <!-- @BeforeMethod browserlaunch -->
  <testcase name="@AfterMethod close" time="0.0" classname="org.testing.TestScripts.TC4">
    <skipped/>
  </testcase> <!-- @AfterMethod close -->
  <testcase name="@BeforeMethod browserlaunch" time="0.0" classname="org.testing.TestScripts.TC5">
    <skipped/>
  </testcase> <!-- @BeforeMethod browserlaunch -->
  <testcase name="@AfterMethod close" time="0.0" classname="org.testing.TestScripts.TC5">
    <skipped/>
  </testcase> <!-- @AfterMethod close -->
  <testcase name="loginandTrendingClick" time="0.0" classname="org.testing.TestScripts.TC1">
    <skipped/>
  </testcase> <!-- loginandTrendingClick -->
  <testcase name="loginandSubscriptionClick" time="0.0" classname="org.testing.TestScripts.TC2">
    <skipped/>
  </testcase> <!-- loginandSubscriptionClick -->
  <testcase name="videoPlayAndLike" time="0.0" classname="org.testing.TestScripts.TC3">
    <skipped/>
  </testcase> <!-- videoPlayAndLike -->
  <testcase name="videoPlayAndSubscribe" time="0.0" classname="org.testing.TestScripts.TC4">
    <skipped/>
  </testcase> <!-- videoPlayAndSubscribe -->
  <testcase name="loginAndHistoryClick" time="0.0" classname="org.testing.TestScripts.TC5">
    <skipped/>
  </testcase> <!-- loginAndHistoryClick -->
</testsuite> <!-- Command line test bc48fe29-ae3c-4463-b021-ec48804ead07 -->
