<?xml version="1.0" encoding="UTF-8"?>
<!-- Generated by org.testng.reporters.JUnitXMLReporter -->
<testsuite hostname="LAPTOP-LPNPORI3" name="Command line test 10429308-d6df-432e-9ed0-14921167f72f" tests="5" failures="5" timestamp="12 Oct 2019 19:04:00 GMT" time="150.143" errors="0">
  <testcase name="loginandTrendingClick" time="13.987" classname="org.testing.TestScripts.TC1">
    <failure type="junit.framework.AssertionFailedError">
      <![CDATA[junit.framework.AssertionFailedError
	at junit.framework.Assert.fail(Assert.java:55)
	at junit.framework.Assert.assertTrue(Assert.java:22)
	at junit.framework.Assert.assertTrue(Assert.java:31)
	at org.testing.TestScripts.TC1.loginandTrendingClick(TC1.java:30)
	at org.testing.Runner.Runner.main(Runner.java:69)
... Removed 21 stack frames]]>
    </failure>
  </testcase> <!-- loginandTrendingClick -->
  <testcase name="loginandSubscriptionClick" time="9.739" classname="org.testing.TestScripts.TC2">
    <failure type="java.lang.IllegalArgumentException" message="Cannot find elements when the id is null.">
      <![CDATA[java.lang.IllegalArgumentException: Cannot find elements when the id is null.
	at org.openqa.selenium.By$ById.<init>(By.java:171)
	at org.openqa.selenium.By.id(By.java:52)
	at org.testing.TestScripts.TC2.loginandSubscriptionClick(TC2.java:25)
	at org.testing.Runner.Runner.main(Runner.java:69)
... Removed 21 stack frames]]>
    </failure>
  </testcase> <!-- loginandSubscriptionClick -->
  <testcase name="videoPlayAndLike" time="14.328" classname="org.testing.TestScripts.TC3">
    <failure type="junit.framework.AssertionFailedError">
      <![CDATA[junit.framework.AssertionFailedError
	at junit.framework.Assert.fail(Assert.java:55)
	at junit.framework.Assert.assertTrue(Assert.java:22)
	at junit.framework.Assert.assertTrue(Assert.java:31)
	at org.testing.TestScripts.TC3.videoPlayAndLike(TC3.java:32)
	at org.testing.Runner.Runner.main(Runner.java:69)
... Removed 21 stack frames]]>
    </failure>
  </testcase> <!-- videoPlayAndLike -->
  <testcase name="videoPlayAndSubscribe" time="9.337" classname="org.testing.TestScripts.TC4">
    <failure type="java.lang.IllegalArgumentException" message="Cannot find elements when the id is null.">
      <![CDATA[java.lang.IllegalArgumentException: Cannot find elements when the id is null.
	at org.openqa.selenium.By$ById.<init>(By.java:171)
	at org.openqa.selenium.By.id(By.java:52)
	at org.testing.TestScripts.TC4.videoPlayAndSubscribe(TC4.java:27)
	at org.testing.Runner.Runner.main(Runner.java:69)
... Removed 21 stack frames]]>
    </failure>
  </testcase> <!-- videoPlayAndSubscribe -->
  <testcase name="loginAndHistoryClick" time="14.187" classname="org.testing.TestScripts.TC5">
    <failure type="junit.framework.AssertionFailedError">
      <![CDATA[junit.framework.AssertionFailedError
	at junit.framework.Assert.fail(Assert.java:55)
	at junit.framework.Assert.assertTrue(Assert.java:22)
	at junit.framework.Assert.assertTrue(Assert.java:31)
	at org.testing.TestScripts.TC5.loginAndHistoryClick(TC5.java:30)
	at org.testing.Runner.Runner.main(Runner.java:69)
... Removed 21 stack frames]]>
    </failure>
  </testcase> <!-- loginAndHistoryClick -->
</testsuite> <!-- Command line test 10429308-d6df-432e-9ed0-14921167f72f -->
