<?xml version="1.0" encoding="UTF-8"?>
<!-- Generated by org.testng.reporters.JUnitXMLReporter -->
<testsuite hostname="LAPTOP-LPNPORI3" name="Command line test 9492cded-3899-4f8c-847b-ad482bdbcf83" tests="5" failures="0" timestamp="30 May 2020 21:40:39 GMT" time="5.727" errors="0">
  <testcase name="@BeforeMethod browserlaunch" time="0.0" classname="org.testing.TestScripts.TC1">
    <failure type="org.openqa.selenium.SessionNotCreatedException" message="session not created: This version of ChromeDriver only supports Chrome version 80
Build info: version: &amp;apos;3.141.59&amp;apos;, revision: &amp;apos;e82be7d358&amp;apos;, time: &amp;apos;2018-11-14T08:25:48&amp;apos;
System info: host: &amp;apos;LAPTOP-LPNPORI3&amp;apos;, ip: &amp;apos;192.168.1.8&amp;apos;, os.name: &amp;apos;Windows 10&amp;apos;, os.arch: &amp;apos;amd64&amp;apos;, os.version: &amp;apos;10.0&amp;apos;, java.version: &amp;apos;1.8.0_221&amp;apos;
Driver info: driver.version: ChromeDriver
remote stacktrace: Backtrace:
	Ordinal0 [0x00CA0C83+1707139]
	Ordinal0 [0x00C068F1+1075441]
	Ordinal0 [0x00B7DFC9+516041]
	Ordinal0 [0x00B10554+66900]
	Ordinal0 [0x00B0CCE2+52450]
	Ordinal0 [0x00B2BFD7+180183]
	Ordinal0 [0x00B2BDDD+179677]
	Ordinal0 [0x00B29D4B+171339]
	Ordinal0 [0x00B11D4A+73034]
	Ordinal0 [0x00B12DC0+77248]
	Ordinal0 [0x00B12D59+77145]
	Ordinal0 [0x00C1BB67+1162087]
	GetHandleVerifier [0x00D3A966+508998]
	GetHandleVerifier [0x00D3A6A4+508292]
	GetHandleVerifier [0x00D4F7B7+594583]
	GetHandleVerifier [0x00D3B1D6+511158]
	Ordinal0 [0x00C1402C+1130540]
	Ordinal0 [0x00C1D4CB+1168587]
	Ordinal0 [0x00C1D633+1168947]
	Ordinal0 [0x00C35B35+1268533]
	BaseThreadInitThunk [0x75F30419+25]
	RtlGetAppContainerNamedObjectPath [0x77B566DD+237]
	RtlGetAppContainerNamedObjectPath [0x77B566AD+189]
">
      <![CDATA[org.openqa.selenium.SessionNotCreatedException: session not created: This version of ChromeDriver only supports Chrome version 80
Build info: version: '3.141.59', revision: 'e82be7d358', time: '2018-11-14T08:25:48'
System info: host: 'LAPTOP-LPNPORI3', ip: '192.168.1.8', os.name: 'Windows 10', os.arch: 'amd64', os.version: '10.0', java.version: '1.8.0_221'
Driver info: driver.version: ChromeDriver
remote stacktrace: Backtrace:
	Ordinal0 [0x00CA0C83+1707139]
	Ordinal0 [0x00C068F1+1075441]
	Ordinal0 [0x00B7DFC9+516041]
	Ordinal0 [0x00B10554+66900]
	Ordinal0 [0x00B0CCE2+52450]
	Ordinal0 [0x00B2BFD7+180183]
	Ordinal0 [0x00B2BDDD+179677]
	Ordinal0 [0x00B29D4B+171339]
	Ordinal0 [0x00B11D4A+73034]
	Ordinal0 [0x00B12DC0+77248]
	Ordinal0 [0x00B12D59+77145]
	Ordinal0 [0x00C1BB67+1162087]
	GetHandleVerifier [0x00D3A966+508998]
	GetHandleVerifier [0x00D3A6A4+508292]
	GetHandleVerifier [0x00D4F7B7+594583]
	GetHandleVerifier [0x00D3B1D6+511158]
	Ordinal0 [0x00C1402C+1130540]
	Ordinal0 [0x00C1D4CB+1168587]
	Ordinal0 [0x00C1D633+1168947]
	Ordinal0 [0x00C35B35+1268533]
	BaseThreadInitThunk [0x75F30419+25]
	RtlGetAppContainerNamedObjectPath [0x77B566DD+237]
	RtlGetAppContainerNamedObjectPath [0x77B566AD+189]

	at org.openqa.selenium.remote.W3CHandshakeResponse.lambda$errorHandler$0(W3CHandshakeResponse.java:62)
	at org.openqa.selenium.remote.HandshakeResponse.lambda$getResponseFunction$0(HandshakeResponse.java:30)
	at org.openqa.selenium.remote.ProtocolHandshake.lambda$createSession$0(ProtocolHandshake.java:126)
	at java.util.stream.ReferencePipeline$3$1.accept(Unknown Source)
	at java.util.Spliterators$ArraySpliterator.tryAdvance(Unknown Source)
	at java.util.stream.ReferencePipeline.forEachWithCancel(Unknown Source)
	at java.util.stream.AbstractPipeline.copyIntoWithCancel(Unknown Source)
	at java.util.stream.AbstractPipeline.copyInto(Unknown Source)
	at java.util.stream.AbstractPipeline.wrapAndCopyInto(Unknown Source)
	at java.util.stream.FindOps$FindOp.evaluateSequential(Unknown Source)
	at java.util.stream.AbstractPipeline.evaluate(Unknown Source)
	at java.util.stream.ReferencePipeline.findFirst(Unknown Source)
	at org.openqa.selenium.remote.ProtocolHandshake.createSession(ProtocolHandshake.java:128)
	at org.openqa.selenium.remote.ProtocolHandshake.createSession(ProtocolHandshake.java:74)
	at org.openqa.selenium.remote.HttpCommandExecutor.execute(HttpCommandExecutor.java:136)
	at org.openqa.selenium.remote.service.DriverCommandExecutor.execute(DriverCommandExecutor.java:83)
	at org.openqa.selenium.remote.RemoteWebDriver.execute(RemoteWebDriver.java:552)
	at org.openqa.selenium.remote.RemoteWebDriver.startSession(RemoteWebDriver.java:213)
	at org.openqa.selenium.remote.RemoteWebDriver.<init>(RemoteWebDriver.java:131)
	at org.openqa.selenium.chrome.ChromeDriver.<init>(ChromeDriver.java:181)
	at org.openqa.selenium.chrome.ChromeDriver.<init>(ChromeDriver.java:168)
	at org.openqa.selenium.chrome.ChromeDriver.<init>(ChromeDriver.java:123)
	at org.testing.Base.Base.browserlaunch(Base.java:25)
	at org.testing.Runner.Runner.main(Runner.java:69)
... Removed 27 stack frames]]>
    </failure>
  </testcase> <!-- @BeforeMethod browserlaunch -->
  <testcase name="@AfterMethod close" time="0.0" classname="org.testing.TestScripts.TC1">
    <skipped/>
  </testcase> <!-- @AfterMethod close -->
  <testcase name="@BeforeMethod browserlaunch" time="0.0" classname="org.testing.TestScripts.TC2">
    <skipped/>
  </testcase> <!-- @BeforeMethod browserlaunch -->
  <testcase name="@AfterMethod close" time="0.0" classname="org.testing.TestScripts.TC2">
    <skipped/>
  </testcase> <!-- @AfterMethod close -->
  <testcase name="@BeforeMethod browserlaunch" time="0.0" classname="org.testing.TestScripts.TC3">
    <skipped/>
  </testcase> <!-- @BeforeMethod browserlaunch -->
  <testcase name="@AfterMethod close" time="0.0" classname="org.testing.TestScripts.TC3">
    <skipped/>
  </testcase> <!-- @AfterMethod close -->
  <testcase name="@BeforeMethod browserlaunch" time="0.0" classname="org.testing.TestScripts.TC4">
    <skipped/>
  </testcase> <!-- @BeforeMethod browserlaunch -->
  <testcase name="@AfterMethod close" time="0.0" classname="org.testing.TestScripts.TC4">
    <skipped/>
  </testcase> <!-- @AfterMethod close -->
  <testcase name="@BeforeMethod browserlaunch" time="0.0" classname="org.testing.TestScripts.TC5">
    <skipped/>
  </testcase> <!-- @BeforeMethod browserlaunch -->
  <testcase name="@AfterMethod close" time="0.0" classname="org.testing.TestScripts.TC5">
    <skipped/>
  </testcase> <!-- @AfterMethod close -->
  <testcase name="loginandTrendingClick" time="0.0" classname="org.testing.TestScripts.TC1">
    <skipped/>
  </testcase> <!-- loginandTrendingClick -->
  <testcase name="loginandSubscriptionClick" time="0.001" classname="org.testing.TestScripts.TC2">
    <skipped/>
  </testcase> <!-- loginandSubscriptionClick -->
  <testcase name="videoPlayAndLike" time="0.0" classname="org.testing.TestScripts.TC3">
    <skipped/>
  </testcase> <!-- videoPlayAndLike -->
  <testcase name="videoPlayAndSubscribe" time="0.0" classname="org.testing.TestScripts.TC4">
    <skipped/>
  </testcase> <!-- videoPlayAndSubscribe -->
  <testcase name="loginAndHistoryClick" time="0.0" classname="org.testing.TestScripts.TC5">
    <skipped/>
  </testcase> <!-- loginAndHistoryClick -->
</testsuite> <!-- Command line test 9492cded-3899-4f8c-847b-ad482bdbcf83 -->
