<?xml version="1.0" encoding="UTF-8"?>
<!-- Generated by org.testng.reporters.JUnitXMLReporter -->
<testsuite hostname="LAPTOP-LPNPORI3" name="Command line test 1c3a42f1-b5d1-4003-92d2-15947d222e98" tests="5" failures="5" timestamp="12 Oct 2019 18:05:34 GMT" time="165.787" errors="0">
  <testcase name="loginandTrendingClick" time="15.528" classname="org.testing.TestScripts.TC1">
    <failure type="junit.framework.AssertionFailedError">
      <![CDATA[junit.framework.AssertionFailedError
	at junit.framework.Assert.fail(Assert.java:55)
	at junit.framework.Assert.assertTrue(Assert.java:22)
	at junit.framework.Assert.assertTrue(Assert.java:31)
	at org.testing.TestScripts.TC1.loginandTrendingClick(TC1.java:30)
	at org.testing.Runner.Runner.main(Runner.java:69)
... Removed 21 stack frames]]>
    </failure>
  </testcase> <!-- loginandTrendingClick -->
  <testcase name="loginandSubscriptionClick" time="10.19" classname="org.testing.TestScripts.TC2">
    <failure type="java.lang.IllegalArgumentException" message="Cannot find elements when the id is null.">
      <![CDATA[java.lang.IllegalArgumentException: Cannot find elements when the id is null.
	at org.openqa.selenium.By$ById.<init>(By.java:171)
	at org.openqa.selenium.By.id(By.java:52)
	at org.testing.TestScripts.TC2.loginandSubscriptionClick(TC2.java:25)
	at org.testing.Runner.Runner.main(Runner.java:69)
... Removed 21 stack frames]]>
    </failure>
  </testcase> <!-- loginandSubscriptionClick -->
  <testcase name="videoPlayAndLike" time="15.184" classname="org.testing.TestScripts.TC3">
    <failure type="junit.framework.AssertionFailedError">
      <![CDATA[junit.framework.AssertionFailedError
	at junit.framework.Assert.fail(Assert.java:55)
	at junit.framework.Assert.assertTrue(Assert.java:22)
	at junit.framework.Assert.assertTrue(Assert.java:31)
	at org.testing.TestScripts.TC3.videoPlayAndLike(TC3.java:32)
	at org.testing.Runner.Runner.main(Runner.java:69)
... Removed 21 stack frames]]>
    </failure>
  </testcase> <!-- videoPlayAndLike -->
  <testcase name="videoPlayAndSubscribe" time="10.049" classname="org.testing.TestScripts.TC4">
    <failure type="java.lang.IllegalArgumentException" message="Cannot find elements when the id is null.">
      <![CDATA[java.lang.IllegalArgumentException: Cannot find elements when the id is null.
	at org.openqa.selenium.By$ById.<init>(By.java:171)
	at org.openqa.selenium.By.id(By.java:52)
	at org.testing.TestScripts.TC4.videoPlayAndSubscribe(TC4.java:27)
	at org.testing.Runner.Runner.main(Runner.java:69)
... Removed 21 stack frames]]>
    </failure>
  </testcase> <!-- videoPlayAndSubscribe -->
  <testcase name="loginAndHistoryClick" time="16.021" classname="org.testing.TestScripts.TC5">
    <failure type="junit.framework.AssertionFailedError">
      <![CDATA[junit.framework.AssertionFailedError
	at junit.framework.Assert.fail(Assert.java:55)
	at junit.framework.Assert.assertTrue(Assert.java:22)
	at junit.framework.Assert.assertTrue(Assert.java:31)
	at org.testing.TestScripts.TC5.loginAndHistoryClick(TC5.java:30)
	at org.testing.Runner.Runner.main(Runner.java:69)
... Removed 21 stack frames]]>
    </failure>
  </testcase> <!-- loginAndHistoryClick -->
</testsuite> <!-- Command line test 1c3a42f1-b5d1-4003-92d2-15947d222e98 -->
