<!DOCTYPE html PUBLIC "-//W3C//DTD XHTML 1.1//EN" "http://www.w3.org/TR/xhtml11/DTD/xhtml11.dtd">
<html xmlns="http://www.w3.org/1999/xhtml"><head><title>TestNG Report</title><style type="text/css">table {margin-bottom:10px;border-collapse:collapse;empty-cells:show}th,td {border:1px solid #009;padding:.25em .5em}th {vertical-align:bottom}td {vertical-align:top}table a {font-weight:bold}.stripe td {background-color: #E6EBF9}.num {text-align:right}.passedodd td {background-color: #3F3}.passedeven td {background-color: #0A0}.skippedodd td {background-color: #DDD}.skippedeven td {background-color: #CCC}.failedodd td,.attn {background-color: #F33}.failedeven td,.stripe .attn {background-color: #D00}.stacktrace {white-space:pre;font-family:monospace}.totop {font-size:85%;text-align:center;border-bottom:2px solid #000}</style></head><body><table><tr><th>Test</th><th># Passed</th><th># Skipped</th><th># Failed</th><th>Time (ms)</th><th>Included Groups</th><th>Excluded Groups</th></tr><tr><th colspan="7">Suite1</th></tr><tr><td><a href="#t0">Command line test 3035968c-8646-4b1a-ba19-19d2471a910c</a></td><td class="num">0</td><td class="num attn">4</td><td class="num attn">1</td><td class="num">42,167</td><td></td><td></td></tr></table><table><thead><tr><th>Class</th><th>Method</th><th>Start</th><th>Time (ms)</th></tr></thead><tbody><tr><th colspan="4">Suite1</th></tr></tbody><tbody id="t0"><tr><th colspan="4">Command line test 3035968c-8646-4b1a-ba19-19d2471a910c &#8212; failed (configuration methods)</th></tr><tr class="failedeven"><td rowspan="1">org.testing.TestScripts.TC2</td><td><a href="#m0">browserlaunch</a></td><td rowspan="1">1591200110770</td><td rowspan="1">0</td></tr><tr><th colspan="4">Command line test 3035968c-8646-4b1a-ba19-19d2471a910c &#8212; failed</th></tr><tr class="failedeven"><td rowspan="1">org.testing.TestScripts.TC1</td><td><a href="#m1">loginandTrendingClick</a></td><td rowspan="1">1591200088764</td><td rowspan="1">14679</td></tr><tr><th colspan="4">Command line test 3035968c-8646-4b1a-ba19-19d2471a910c &#8212; skipped (configuration methods)</th></tr><tr class="skippedeven"><td rowspan="1">org.testing.TestScripts.TC2</td><td><a href="#m2">close</a></td><td rowspan="1">1591200115097</td><td rowspan="1">0</td></tr><tr class="skippedodd"><td rowspan="2">org.testing.TestScripts.TC3</td><td><a href="#m3">browserlaunch</a></td><td rowspan="1">1591200115099</td><td rowspan="1">0</td></tr><tr class="skippedodd"><td><a href="#m4">close</a></td><td rowspan="1">1591200115100</td><td rowspan="1">0</td></tr><tr class="skippedeven"><td rowspan="2">org.testing.TestScripts.TC4</td><td><a href="#m5">browserlaunch</a></td><td rowspan="1">1591200115102</td><td rowspan="1">0</td></tr><tr class="skippedeven"><td><a href="#m6">close</a></td><td rowspan="1">1591200115104</td><td rowspan="1">0</td></tr><tr class="skippedodd"><td rowspan="2">org.testing.TestScripts.TC5</td><td><a href="#m7">browserlaunch</a></td><td rowspan="1">1591200115104</td><td rowspan="1">0</td></tr><tr class="skippedodd"><td><a href="#m8">close</a></td><td rowspan="1">1591200115105</td><td rowspan="1">0</td></tr><tr><th colspan="4">Command line test 3035968c-8646-4b1a-ba19-19d2471a910c &#8212; skipped</th></tr><tr class="skippedeven"><td rowspan="1">org.testing.TestScripts.TC2</td><td><a href="#m9">loginandSubscriptionClick</a></td><td rowspan="1">1591200115097</td><td rowspan="1">0</td></tr><tr class="skippedodd"><td rowspan="1">org.testing.TestScripts.TC3</td><td><a href="#m10">videoPlayAndLike</a></td><td rowspan="1">1591200115100</td><td rowspan="1">0</td></tr><tr class="skippedeven"><td rowspan="1">org.testing.TestScripts.TC4</td><td><a href="#m11">videoPlayAndSubscribe</a></td><td rowspan="1">1591200115103</td><td rowspan="1">0</td></tr><tr class="skippedodd"><td rowspan="1">org.testing.TestScripts.TC5</td><td><a href="#m12">loginAndHistoryClick</a></td><td rowspan="1">1591200115105</td><td rowspan="1">0</td></tr></tbody></table><h2>Command line test 3035968c-8646-4b1a-ba19-19d2471a910c</h2><h3 id="m0">org.testing.TestScripts.TC2#browserlaunch</h3><table class="result"><tr><th>Exception</th></tr><tr><td><div class="stacktrace">org.openqa.selenium.NoSuchWindowException: no such window: target window already closed
from unknown error: web view not found
  (Session info: chrome=83.0.4103.61)
Build info: version: &apos;3.141.59&apos;, revision: &apos;e82be7d358&apos;, time: &apos;2018-11-14T08:25:48&apos;
System info: host: &apos;LAPTOP-LPNPORI3&apos;, ip: &apos;192.168.1.6&apos;, os.name: &apos;Windows 10&apos;, os.arch: &apos;amd64&apos;, os.version: &apos;10.0&apos;, java.version: &apos;1.8.0_221&apos;
Driver info: org.openqa.selenium.chrome.ChromeDriver
Capabilities {acceptInsecureCerts: false, browserName: chrome, browserVersion: 83.0.4103.61, chrome: {chromedriverVersion: 83.0.4103.39 (ccbf011cb2d2b..., userDataDir: C:\Users\hp\AppData\Local\T...}, goog:chromeOptions: {debuggerAddress: localhost:59517}, javascriptEnabled: true, networkConnectionEnabled: false, pageLoadStrategy: normal, platform: WINDOWS, platformName: WINDOWS, proxy: Proxy(), setWindowRect: true, strictFileInteractability: false, timeouts: {implicit: 0, pageLoad: 300000, script: 30000}, unhandledPromptBehavior: dismiss and notify, webauthn:virtualAuthenticators: true}
Session ID: 2ccad2eab23eeb313abb6bf0d88ba863
	at org.openqa.selenium.remote.http.W3CHttpResponseCodec.createException(W3CHttpResponseCodec.java:187)
	at org.openqa.selenium.remote.http.W3CHttpResponseCodec.decode(W3CHttpResponseCodec.java:122)
	at org.openqa.selenium.remote.http.W3CHttpResponseCodec.decode(W3CHttpResponseCodec.java:49)
	at org.openqa.selenium.remote.HttpCommandExecutor.execute(HttpCommandExecutor.java:158)
	at org.openqa.selenium.remote.service.DriverCommandExecutor.execute(DriverCommandExecutor.java:83)
	at org.openqa.selenium.remote.RemoteWebDriver.execute(RemoteWebDriver.java:552)
	at org.openqa.selenium.remote.RemoteWebDriver.execute(RemoteWebDriver.java:609)
	at org.openqa.selenium.remote.RemoteWebDriver$RemoteWebDriverOptions$RemoteWindow.maximize(RemoteWebDriver.java:837)
	at org.testing.Base.Base.browserlaunch(Base.java:27)
	at org.testing.Runner.Runner.main(Runner.java:69)
... Removed 27 stack frames</div></td></tr></table><p class="totop"><a href="#summary">back to summary</a></p><h3 id="m1">org.testing.TestScripts.TC1#loginandTrendingClick</h3><table class="result"><tr><th>Exception</th></tr><tr><td><div class="stacktrace">org.openqa.selenium.NoSuchElementException: no such element: Unable to locate element: {&quot;method&quot;:&quot;xpath&quot;,&quot;selector&quot;:&quot;//input[@name=&apos;password&apos;]&quot;}
  (Session info: chrome=83.0.4103.61)
For documentation on this error, please visit: https://www.seleniumhq.org/exceptions/no_such_element.html
Build info: version: &apos;3.141.59&apos;, revision: &apos;e82be7d358&apos;, time: &apos;2018-11-14T08:25:48&apos;
System info: host: &apos;LAPTOP-LPNPORI3&apos;, ip: &apos;192.168.1.6&apos;, os.name: &apos;Windows 10&apos;, os.arch: &apos;amd64&apos;, os.version: &apos;10.0&apos;, java.version: &apos;1.8.0_221&apos;
Driver info: org.openqa.selenium.chrome.ChromeDriver
Capabilities {acceptInsecureCerts: false, browserName: chrome, browserVersion: 83.0.4103.61, chrome: {chromedriverVersion: 83.0.4103.39 (ccbf011cb2d2b..., userDataDir: C:\Users\hp\AppData\Local\T...}, goog:chromeOptions: {debuggerAddress: localhost:59443}, javascriptEnabled: true, networkConnectionEnabled: false, pageLoadStrategy: normal, platform: WINDOWS, platformName: WINDOWS, proxy: Proxy(), setWindowRect: true, strictFileInteractability: false, timeouts: {implicit: 0, pageLoad: 300000, script: 30000}, unhandledPromptBehavior: dismiss and notify, webauthn:virtualAuthenticators: true}
Session ID: fdc132ec6bdec285328e7c21bf2dbe4a
*** Element info: {Using=xpath, value=//input[@name=&apos;password&apos;]}
	at org.openqa.selenium.remote.http.W3CHttpResponseCodec.createException(W3CHttpResponseCodec.java:187)
	at org.openqa.selenium.remote.http.W3CHttpResponseCodec.decode(W3CHttpResponseCodec.java:122)
	at org.openqa.selenium.remote.http.W3CHttpResponseCodec.decode(W3CHttpResponseCodec.java:49)
	at org.openqa.selenium.remote.HttpCommandExecutor.execute(HttpCommandExecutor.java:158)
	at org.openqa.selenium.remote.service.DriverCommandExecutor.execute(DriverCommandExecutor.java:83)
	at org.openqa.selenium.remote.RemoteWebDriver.execute(RemoteWebDriver.java:552)
	at org.openqa.selenium.remote.RemoteWebDriver.findElement(RemoteWebDriver.java:323)
	at org.openqa.selenium.remote.RemoteWebDriver.findElementByXPath(RemoteWebDriver.java:428)
	at org.openqa.selenium.By$ByXPath.findElement(By.java:353)
	at org.openqa.selenium.remote.RemoteWebDriver.findElement(RemoteWebDriver.java:315)
	at org.testing.Pages.Login.signin(Login.java:30)
	at org.testing.TestScripts.TC1.loginandTrendingClick(TC1.java:27)
	at org.testing.Runner.Runner.main(Runner.java:69)
... Removed 25 stack frames</div></td></tr></table><p class="totop"><a href="#summary">back to summary</a></p><h3 id="m2">org.testing.TestScripts.TC2#close</h3><table class="result"></table><p class="totop"><a href="#summary">back to summary</a></p><h3 id="m3">org.testing.TestScripts.TC3#browserlaunch</h3><table class="result"></table><p class="totop"><a href="#summary">back to summary</a></p><h3 id="m4">org.testing.TestScripts.TC3#close</h3><table class="result"></table><p class="totop"><a href="#summary">back to summary</a></p><h3 id="m5">org.testing.TestScripts.TC4#browserlaunch</h3><table class="result"></table><p class="totop"><a href="#summary">back to summary</a></p><h3 id="m6">org.testing.TestScripts.TC4#close</h3><table class="result"></table><p class="totop"><a href="#summary">back to summary</a></p><h3 id="m7">org.testing.TestScripts.TC5#browserlaunch</h3><table class="result"></table><p class="totop"><a href="#summary">back to summary</a></p><h3 id="m8">org.testing.TestScripts.TC5#close</h3><table class="result"></table><p class="totop"><a href="#summary">back to summary</a></p><h3 id="m9">org.testing.TestScripts.TC2#loginandSubscriptionClick</h3><table class="result"></table><p class="totop"><a href="#summary">back to summary</a></p><h3 id="m10">org.testing.TestScripts.TC3#videoPlayAndLike</h3><table class="result"></table><p class="totop"><a href="#summary">back to summary</a></p><h3 id="m11">org.testing.TestScripts.TC4#videoPlayAndSubscribe</h3><table class="result"></table><p class="totop"><a href="#summary">back to summary</a></p><h3 id="m12">org.testing.TestScripts.TC5#loginAndHistoryClick</h3><table class="result"></table><p class="totop"><a href="#summary">back to summary</a></p></body></html>