<?xml version="1.0" encoding="UTF-8"?>
<testng-results skipped="4" failed="1" total="5" passed="0">
  <reporter-output>
  </reporter-output>
  <suite name="Suite1" duration-ms="42167" started-at="2020-06-03T16:01:12Z" finished-at="2020-06-03T16:01:55Z">
    <groups>
    </groups>
    <test name="Command line test 3035968c-8646-4b1a-ba19-19d2471a910c" duration-ms="42167" started-at="2020-06-03T16:01:12Z" finished-at="2020-06-03T16:01:55Z">
      <class name="org.testing.TestScripts.TC4">
        <test-method status="SKIP" signature="browserlaunch()[pri:0, instance:org.testing.TestScripts.TC4@26ba2a48]" name="browserlaunch" is-config="true" duration-ms="0" started-at="2020-06-03T21:31:55Z" finished-at="2020-06-03T21:31:55Z">
          <reporter-output>
          </reporter-output>
        </test-method> <!-- browserlaunch -->
        <test-method status="SKIP" signature="videoPlayAndSubscribe()[pri:0, instance:org.testing.TestScripts.TC4@26ba2a48]" name="videoPlayAndSubscribe" duration-ms="0" started-at="2020-06-03T21:31:55Z" finished-at="2020-06-03T21:31:55Z">
          <reporter-output>
          </reporter-output>
        </test-method> <!-- videoPlayAndSubscribe -->
        <test-method status="SKIP" signature="close()[pri:0, instance:org.testing.TestScripts.TC4@26ba2a48]" name="close" is-config="true" duration-ms="0" started-at="2020-06-03T21:31:55Z" finished-at="2020-06-03T21:31:55Z">
          <reporter-output>
          </reporter-output>
        </test-method> <!-- close -->
      </class> <!-- org.testing.TestScripts.TC4 -->
      <class name="org.testing.TestScripts.TC3">
        <test-method status="SKIP" signature="browserlaunch()[pri:0, instance:org.testing.TestScripts.TC3@42d3bd8b]" name="browserlaunch" is-config="true" duration-ms="0" started-at="2020-06-03T21:31:55Z" finished-at="2020-06-03T21:31:55Z">
          <reporter-output>
          </reporter-output>
        </test-method> <!-- browserlaunch -->
        <test-method status="SKIP" signature="videoPlayAndLike()[pri:0, instance:org.testing.TestScripts.TC3@42d3bd8b]" name="videoPlayAndLike" duration-ms="0" started-at="2020-06-03T21:31:55Z" finished-at="2020-06-03T21:31:55Z">
          <reporter-output>
          </reporter-output>
        </test-method> <!-- videoPlayAndLike -->
        <test-method status="SKIP" signature="close()[pri:0, instance:org.testing.TestScripts.TC3@42d3bd8b]" name="close" is-config="true" duration-ms="0" started-at="2020-06-03T21:31:55Z" finished-at="2020-06-03T21:31:55Z">
          <reporter-output>
          </reporter-output>
        </test-method> <!-- close -->
      </class> <!-- org.testing.TestScripts.TC3 -->
      <class name="org.testing.TestScripts.TC5">
        <test-method status="SKIP" signature="browserlaunch()[pri:0, instance:org.testing.TestScripts.TC5@5f2050f6]" name="browserlaunch" is-config="true" duration-ms="0" started-at="2020-06-03T21:31:55Z" finished-at="2020-06-03T21:31:55Z">
          <reporter-output>
          </reporter-output>
        </test-method> <!-- browserlaunch -->
        <test-method status="SKIP" signature="loginAndHistoryClick()[pri:0, instance:org.testing.TestScripts.TC5@5f2050f6]" name="loginAndHistoryClick" duration-ms="0" started-at="2020-06-03T21:31:55Z" finished-at="2020-06-03T21:31:55Z">
          <reporter-output>
          </reporter-output>
        </test-method> <!-- loginAndHistoryClick -->
        <test-method status="SKIP" signature="close()[pri:0, instance:org.testing.TestScripts.TC5@5f2050f6]" name="close" is-config="true" duration-ms="0" started-at="2020-06-03T21:31:55Z" finished-at="2020-06-03T21:31:55Z">
          <reporter-output>
          </reporter-output>
        </test-method> <!-- close -->
      </class> <!-- org.testing.TestScripts.TC5 -->
      <class name="org.testing.TestScripts.TC2">
        <test-method status="FAIL" signature="browserlaunch()[pri:0, instance:org.testing.TestScripts.TC2@dfd3711]" name="browserlaunch" is-config="true" duration-ms="0" started-at="2020-06-03T21:31:50Z" finished-at="2020-06-03T21:31:50Z">
          <exception class="org.openqa.selenium.NoSuchWindowException">
            <message>
              <![CDATA[no such window: target window already closed
from unknown error: web view not found
  (Session info: chrome=83.0.4103.61)
Build info: version: '3.141.59', revision: 'e82be7d358', time: '2018-11-14T08:25:48'
System info: host: 'LAPTOP-LPNPORI3', ip: '192.168.1.6', os.name: 'Windows 10', os.arch: 'amd64', os.version: '10.0', java.version: '1.8.0_221'
Driver info: org.openqa.selenium.chrome.ChromeDriver
Capabilities {acceptInsecureCerts: false, browserName: chrome, browserVersion: 83.0.4103.61, chrome: {chromedriverVersion: 83.0.4103.39 (ccbf011cb2d2b..., userDataDir: C:\Users\hp\AppData\Local\T...}, goog:chromeOptions: {debuggerAddress: localhost:59517}, javascriptEnabled: true, networkConnectionEnabled: false, pageLoadStrategy: normal, platform: WINDOWS, platformName: WINDOWS, proxy: Proxy(), setWindowRect: true, strictFileInteractability: false, timeouts: {implicit: 0, pageLoad: 300000, script: 30000}, unhandledPromptBehavior: dismiss and notify, webauthn:virtualAuthenticators: true}
Session ID: 2ccad2eab23eeb313abb6bf0d88ba863]]>
            </message>
            <full-stacktrace>
              <![CDATA[org.openqa.selenium.NoSuchWindowException: no such window: target window already closed
from unknown error: web view not found
  (Session info: chrome=83.0.4103.61)
Build info: version: '3.141.59', revision: 'e82be7d358', time: '2018-11-14T08:25:48'
System info: host: 'LAPTOP-LPNPORI3', ip: '192.168.1.6', os.name: 'Windows 10', os.arch: 'amd64', os.version: '10.0', java.version: '1.8.0_221'
Driver info: org.openqa.selenium.chrome.ChromeDriver
Capabilities {acceptInsecureCerts: false, browserName: chrome, browserVersion: 83.0.4103.61, chrome: {chromedriverVersion: 83.0.4103.39 (ccbf011cb2d2b..., userDataDir: C:\Users\hp\AppData\Local\T...}, goog:chromeOptions: {debuggerAddress: localhost:59517}, javascriptEnabled: true, networkConnectionEnabled: false, pageLoadStrategy: normal, platform: WINDOWS, platformName: WINDOWS, proxy: Proxy(), setWindowRect: true, strictFileInteractability: false, timeouts: {implicit: 0, pageLoad: 300000, script: 30000}, unhandledPromptBehavior: dismiss and notify, webauthn:virtualAuthenticators: true}
Session ID: 2ccad2eab23eeb313abb6bf0d88ba863
	at sun.reflect.NativeConstructorAccessorImpl.newInstance0(Native Method)
	at sun.reflect.NativeConstructorAccessorImpl.newInstance(Unknown Source)
	at sun.reflect.DelegatingConstructorAccessorImpl.newInstance(Unknown Source)
	at java.lang.reflect.Constructor.newInstance(Unknown Source)
	at org.openqa.selenium.remote.http.W3CHttpResponseCodec.createException(W3CHttpResponseCodec.java:187)
	at org.openqa.selenium.remote.http.W3CHttpResponseCodec.decode(W3CHttpResponseCodec.java:122)
	at org.openqa.selenium.remote.http.W3CHttpResponseCodec.decode(W3CHttpResponseCodec.java:49)
	at org.openqa.selenium.remote.HttpCommandExecutor.execute(HttpCommandExecutor.java:158)
	at org.openqa.selenium.remote.service.DriverCommandExecutor.execute(DriverCommandExecutor.java:83)
	at org.openqa.selenium.remote.RemoteWebDriver.execute(RemoteWebDriver.java:552)
	at org.openqa.selenium.remote.RemoteWebDriver.execute(RemoteWebDriver.java:609)
	at org.openqa.selenium.remote.RemoteWebDriver$RemoteWebDriverOptions$RemoteWindow.maximize(RemoteWebDriver.java:837)
	at org.testing.Base.Base.browserlaunch(Base.java:27)
	at sun.reflect.NativeMethodAccessorImpl.invoke0(Native Method)
	at sun.reflect.NativeMethodAccessorImpl.invoke(Unknown Source)
	at sun.reflect.DelegatingMethodAccessorImpl.invoke(Unknown Source)
	at java.lang.reflect.Method.invoke(Unknown Source)
	at org.testng.internal.MethodInvocationHelper.invokeMethod(MethodInvocationHelper.java:85)
	at org.testng.internal.Invoker.invokeConfigurationMethod(Invoker.java:510)
	at org.testng.internal.Invoker.invokeConfigurations(Invoker.java:211)
	at org.testng.internal.Invoker.invokeMethod(Invoker.java:585)
	at org.testng.internal.Invoker.invokeTestMethod(Invoker.java:821)
	at org.testng.internal.Invoker.invokeTestMethods(Invoker.java:1131)
	at org.testng.internal.TestMethodWorker.invokeTestMethods(TestMethodWorker.java:124)
	at org.testng.internal.TestMethodWorker.run(TestMethodWorker.java:108)
	at org.testng.TestRunner.privateRun(TestRunner.java:773)
	at org.testng.TestRunner.run(TestRunner.java:623)
	at org.testng.SuiteRunner.runTest(SuiteRunner.java:357)
	at org.testng.SuiteRunner.runSequentially(SuiteRunner.java:352)
	at org.testng.SuiteRunner.privateRun(SuiteRunner.java:310)
	at org.testng.SuiteRunner.run(SuiteRunner.java:259)
	at org.testng.SuiteRunnerWorker.runSuite(SuiteRunnerWorker.java:52)
	at org.testng.SuiteRunnerWorker.run(SuiteRunnerWorker.java:86)
	at org.testng.TestNG.runSuitesSequentially(TestNG.java:1185)
	at org.testng.TestNG.runSuitesLocally(TestNG.java:1110)
	at org.testng.TestNG.run(TestNG.java:1018)
	at org.testing.Runner.Runner.main(Runner.java:69)
]]>
            </full-stacktrace>
          </exception> <!-- org.openqa.selenium.NoSuchWindowException -->
          <reporter-output>
          </reporter-output>
        </test-method> <!-- browserlaunch -->
        <test-method status="SKIP" signature="loginandSubscriptionClick()[pri:0, instance:org.testing.TestScripts.TC2@dfd3711]" name="loginandSubscriptionClick" duration-ms="0" started-at="2020-06-03T21:31:55Z" finished-at="2020-06-03T21:31:55Z">
          <reporter-output>
          </reporter-output>
        </test-method> <!-- loginandSubscriptionClick -->
        <test-method status="SKIP" signature="close()[pri:0, instance:org.testing.TestScripts.TC2@dfd3711]" name="close" is-config="true" duration-ms="0" started-at="2020-06-03T21:31:55Z" finished-at="2020-06-03T21:31:55Z">
          <reporter-output>
          </reporter-output>
        </test-method> <!-- close -->
      </class> <!-- org.testing.TestScripts.TC2 -->
      <class name="org.testing.TestScripts.TC1">
        <test-method status="PASS" signature="browserlaunch()[pri:0, instance:org.testing.TestScripts.TC1@1a407d53]" name="browserlaunch" is-config="true" duration-ms="15814" started-at="2020-06-03T21:31:12Z" finished-at="2020-06-03T21:31:28Z">
          <reporter-output>
          </reporter-output>
        </test-method> <!-- browserlaunch -->
        <test-method status="FAIL" signature="loginandTrendingClick()[pri:0, instance:org.testing.TestScripts.TC1@1a407d53]" name="loginandTrendingClick" duration-ms="14679" started-at="2020-06-03T21:31:28Z" finished-at="2020-06-03T21:31:43Z">
          <exception class="org.openqa.selenium.NoSuchElementException">
            <message>
              <![CDATA[no such element: Unable to locate element: {"method":"xpath","selector":"//input[@name='password']"}
  (Session info: chrome=83.0.4103.61)
For documentation on this error, please visit: https://www.seleniumhq.org/exceptions/no_such_element.html
Build info: version: '3.141.59', revision: 'e82be7d358', time: '2018-11-14T08:25:48'
System info: host: 'LAPTOP-LPNPORI3', ip: '192.168.1.6', os.name: 'Windows 10', os.arch: 'amd64', os.version: '10.0', java.version: '1.8.0_221'
Driver info: org.openqa.selenium.chrome.ChromeDriver
Capabilities {acceptInsecureCerts: false, browserName: chrome, browserVersion: 83.0.4103.61, chrome: {chromedriverVersion: 83.0.4103.39 (ccbf011cb2d2b..., userDataDir: C:\Users\hp\AppData\Local\T...}, goog:chromeOptions: {debuggerAddress: localhost:59443}, javascriptEnabled: true, networkConnectionEnabled: false, pageLoadStrategy: normal, platform: WINDOWS, platformName: WINDOWS, proxy: Proxy(), setWindowRect: true, strictFileInteractability: false, timeouts: {implicit: 0, pageLoad: 300000, script: 30000}, unhandledPromptBehavior: dismiss and notify, webauthn:virtualAuthenticators: true}
Session ID: fdc132ec6bdec285328e7c21bf2dbe4a
*** Element info: {Using=xpath, value=//input[@name='password']}]]>
            </message>
            <full-stacktrace>
              <![CDATA[org.openqa.selenium.NoSuchElementException: no such element: Unable to locate element: {"method":"xpath","selector":"//input[@name='password']"}
  (Session info: chrome=83.0.4103.61)
For documentation on this error, please visit: https://www.seleniumhq.org/exceptions/no_such_element.html
Build info: version: '3.141.59', revision: 'e82be7d358', time: '2018-11-14T08:25:48'
System info: host: 'LAPTOP-LPNPORI3', ip: '192.168.1.6', os.name: 'Windows 10', os.arch: 'amd64', os.version: '10.0', java.version: '1.8.0_221'
Driver info: org.openqa.selenium.chrome.ChromeDriver
Capabilities {acceptInsecureCerts: false, browserName: chrome, browserVersion: 83.0.4103.61, chrome: {chromedriverVersion: 83.0.4103.39 (ccbf011cb2d2b..., userDataDir: C:\Users\hp\AppData\Local\T...}, goog:chromeOptions: {debuggerAddress: localhost:59443}, javascriptEnabled: true, networkConnectionEnabled: false, pageLoadStrategy: normal, platform: WINDOWS, platformName: WINDOWS, proxy: Proxy(), setWindowRect: true, strictFileInteractability: false, timeouts: {implicit: 0, pageLoad: 300000, script: 30000}, unhandledPromptBehavior: dismiss and notify, webauthn:virtualAuthenticators: true}
Session ID: fdc132ec6bdec285328e7c21bf2dbe4a
*** Element info: {Using=xpath, value=//input[@name='password']}
	at sun.reflect.NativeConstructorAccessorImpl.newInstance0(Native Method)
	at sun.reflect.NativeConstructorAccessorImpl.newInstance(Unknown Source)
	at sun.reflect.DelegatingConstructorAccessorImpl.newInstance(Unknown Source)
	at java.lang.reflect.Constructor.newInstance(Unknown Source)
	at org.openqa.selenium.remote.http.W3CHttpResponseCodec.createException(W3CHttpResponseCodec.java:187)
	at org.openqa.selenium.remote.http.W3CHttpResponseCodec.decode(W3CHttpResponseCodec.java:122)
	at org.openqa.selenium.remote.http.W3CHttpResponseCodec.decode(W3CHttpResponseCodec.java:49)
	at org.openqa.selenium.remote.HttpCommandExecutor.execute(HttpCommandExecutor.java:158)
	at org.openqa.selenium.remote.service.DriverCommandExecutor.execute(DriverCommandExecutor.java:83)
	at org.openqa.selenium.remote.RemoteWebDriver.execute(RemoteWebDriver.java:552)
	at org.openqa.selenium.remote.RemoteWebDriver.findElement(RemoteWebDriver.java:323)
	at org.openqa.selenium.remote.RemoteWebDriver.findElementByXPath(RemoteWebDriver.java:428)
	at org.openqa.selenium.By$ByXPath.findElement(By.java:353)
	at org.openqa.selenium.remote.RemoteWebDriver.findElement(RemoteWebDriver.java:315)
	at org.testing.Pages.Login.signin(Login.java:30)
	at org.testing.TestScripts.TC1.loginandTrendingClick(TC1.java:27)
	at sun.reflect.NativeMethodAccessorImpl.invoke0(Native Method)
	at sun.reflect.NativeMethodAccessorImpl.invoke(Unknown Source)
	at sun.reflect.DelegatingMethodAccessorImpl.invoke(Unknown Source)
	at java.lang.reflect.Method.invoke(Unknown Source)
	at org.testng.internal.MethodInvocationHelper.invokeMethod(MethodInvocationHelper.java:85)
	at org.testng.internal.Invoker.invokeMethod(Invoker.java:639)
	at org.testng.internal.Invoker.invokeTestMethod(Invoker.java:821)
	at org.testng.internal.Invoker.invokeTestMethods(Invoker.java:1131)
	at org.testng.internal.TestMethodWorker.invokeTestMethods(TestMethodWorker.java:124)
	at org.testng.internal.TestMethodWorker.run(TestMethodWorker.java:108)
	at org.testng.TestRunner.privateRun(TestRunner.java:773)
	at org.testng.TestRunner.run(TestRunner.java:623)
	at org.testng.SuiteRunner.runTest(SuiteRunner.java:357)
	at org.testng.SuiteRunner.runSequentially(SuiteRunner.java:352)
	at org.testng.SuiteRunner.privateRun(SuiteRunner.java:310)
	at org.testng.SuiteRunner.run(SuiteRunner.java:259)
	at org.testng.SuiteRunnerWorker.runSuite(SuiteRunnerWorker.java:52)
	at org.testng.SuiteRunnerWorker.run(SuiteRunnerWorker.java:86)
	at org.testng.TestNG.runSuitesSequentially(TestNG.java:1185)
	at org.testng.TestNG.runSuitesLocally(TestNG.java:1110)
	at org.testng.TestNG.run(TestNG.java:1018)
	at org.testing.Runner.Runner.main(Runner.java:69)
]]>
            </full-stacktrace>
          </exception> <!-- org.openqa.selenium.NoSuchElementException -->
          <reporter-output>
          </reporter-output>
        </test-method> <!-- loginandTrendingClick -->
        <test-method status="PASS" signature="close()[pri:0, instance:org.testing.TestScripts.TC1@1a407d53]" name="close" is-config="true" duration-ms="7325" started-at="2020-06-03T21:31:43Z" finished-at="2020-06-03T21:31:50Z">
          <reporter-output>
          </reporter-output>
        </test-method> <!-- close -->
      </class> <!-- org.testing.TestScripts.TC1 -->
    </test> <!-- Command line test 3035968c-8646-4b1a-ba19-19d2471a910c -->
  </suite> <!-- Suite1 -->
</testng-results>
